<?xml version="1.0" encoding="UTF-8"?>
<robot generator="Robot 7.3.2 (Python 3.13.7 on win32)" generated="2025-09-29T09:31:31.914055" rpa="false" schemaversion="5">
<suite id="s1" name="Robot" source="C:\Users\ASUS\Desktop\python\code\robot\Tests\Robot.robot">
<test id="s1-t1" name="Login_success" line="26">
<kw name="Open Browser" owner="SeleniumLibrary">
<msg time="2025-09-29T09:31:36.976863" level="INFO">Opening browser 'chrome' to base url 'https://www.demoblaze.com'.</msg>
<arg>${url_demoblaze}</arg>
<arg>chrome</arg>
<arg>options=add_argument("--window-size=1920,1080");add_argument("--disable-gpu");add_argument("--no-sandbox")</arg>
<doc>Opens a new browser instance to the optional ``url``.</doc>
<status status="PASS" start="2025-09-29T09:31:36.976484" elapsed="3.592909"/>
</kw>
<kw name="Maximize Browser Window" owner="SeleniumLibrary">
<doc>Maximizes current browser window.</doc>
<status status="PASS" start="2025-09-29T09:31:40.571010" elapsed="0.031596"/>
</kw>
<kw name="Login_kw">
<kw name="Wait Until Element Is Visible" owner="SeleniumLibrary">
<arg>${login_btn}</arg>
<arg>${time_out}</arg>
<doc>Waits until the element ``locator`` is visible.</doc>
<status status="PASS" start="2025-09-29T09:31:40.606135" elapsed="0.197892"/>
</kw>
<kw name="Execute Javascript" owner="SeleniumLibrary">
<msg time="2025-09-29T09:31:40.805599" level="INFO">Executing JavaScript:
document.getElementById('login2').click()
Without any arguments.</msg>
<arg>document.getElementById('login2').click()</arg>
<doc>Executes the given JavaScript code with possible arguments.</doc>
<status status="PASS" start="2025-09-29T09:31:40.804547" elapsed="0.025387"/>
</kw>
<kw name="Wait Until Element Is Visible" owner="SeleniumLibrary">
<arg>${login_title}</arg>
<arg>${time_out}</arg>
<doc>Waits until the element ``locator`` is visible.</doc>
<status status="PASS" start="2025-09-29T09:31:40.830194" elapsed="0.262084"/>
</kw>
<kw name="Input Text" owner="SeleniumLibrary">
<msg time="2025-09-29T09:31:41.092840" level="INFO">Typing text 'admin' into text field 'id=loginusername'.</msg>
<arg>${username_field}</arg>
<arg>${username_data}</arg>
<doc>Types the given ``text`` into the text field identified by ``locator``.</doc>
<status status="PASS" start="2025-09-29T09:31:41.092527" elapsed="0.180396"/>
</kw>
<kw name="Input Password" owner="SeleniumLibrary">
<msg time="2025-09-29T09:31:41.273760" level="INFO">Typing password into text field 'id=loginpassword'.</msg>
<msg time="2025-09-29T09:31:41.309216" level="INFO">Temporally setting log level to: NONE</msg>
<arg>${password_field}</arg>
<arg>${password_data}</arg>
<doc>Types the given password into the text field identified by ``locator``.</doc>
<status status="PASS" start="2025-09-29T09:31:41.273355" elapsed="0.078039"/>
</kw>
<kw name="Click Button" owner="SeleniumLibrary">
<msg time="2025-09-29T09:31:41.351881" level="INFO">Clicking button 'xpath=//button[normalize-space()='Log in']'.</msg>
<arg>${login_submit}</arg>
<doc>Clicks the button identified by ``locator``.</doc>
<status status="PASS" start="2025-09-29T09:31:41.351606" elapsed="0.093029"/>
</kw>
<arg>admin</arg>
<arg>admin</arg>
<status status="PASS" start="2025-09-29T09:31:40.605507" elapsed="0.839366"/>
</kw>
<kw name="Wait Until Element Contains" owner="SeleniumLibrary">
<arg>${welcome_admin}</arg>
<arg>Welcome admin</arg>
<arg>${time_out}</arg>
<doc>Waits until the element ``locator`` contains ``text``.</doc>
<status status="PASS" start="2025-09-29T09:31:41.445440" elapsed="1.411810"/>
</kw>
<kw name="Close Browser" owner="SeleniumLibrary">
<doc>Closes the current browser.</doc>
<status status="PASS" start="2025-09-29T09:31:42.857749" elapsed="2.441709"/>
</kw>
<status status="PASS" start="2025-09-29T09:31:36.975031" elapsed="8.325448"/>
</test>
<test id="s1-t2" name="Login_fail" line="33">
<kw name="Open Browser" owner="SeleniumLibrary">
<msg time="2025-09-29T09:31:45.302393" level="INFO">Opening browser 'chrome' to base url 'https://www.demoblaze.com'.</msg>
<arg>${url_demoblaze}</arg>
<arg>chrome</arg>
<arg>options=add_argument("--window-size=1920,1080");add_argument("--disable-gpu");add_argument("--no-sandbox")</arg>
<doc>Opens a new browser instance to the optional ``url``.</doc>
<status status="PASS" start="2025-09-29T09:31:45.302028" elapsed="2.408512"/>
</kw>
<kw name="Maximize Browser Window" owner="SeleniumLibrary">
<doc>Maximizes current browser window.</doc>
<status status="PASS" start="2025-09-29T09:31:47.711148" elapsed="0.037420"/>
</kw>
<kw name="Login_kw">
<kw name="Wait Until Element Is Visible" owner="SeleniumLibrary">
<arg>${login_btn}</arg>
<arg>${time_out}</arg>
<doc>Waits until the element ``locator`` is visible.</doc>
<status status="PASS" start="2025-09-29T09:31:47.749650" elapsed="0.032881"/>
</kw>
<kw name="Execute Javascript" owner="SeleniumLibrary">
<msg time="2025-09-29T09:31:47.784026" level="INFO">Executing JavaScript:
document.getElementById('login2').click()
Without any arguments.</msg>
<arg>document.getElementById('login2').click()</arg>
<doc>Executes the given JavaScript code with possible arguments.</doc>
<status status="PASS" start="2025-09-29T09:31:47.783369" elapsed="0.016802"/>
</kw>
<kw name="Wait Until Element Is Visible" owner="SeleniumLibrary">
<arg>${login_title}</arg>
<arg>${time_out}</arg>
<doc>Waits until the element ``locator`` is visible.</doc>
<status status="PASS" start="2025-09-29T09:31:47.800536" elapsed="0.286076"/>
</kw>
<kw name="Input Text" owner="SeleniumLibrary">
<msg time="2025-09-29T09:31:48.087147" level="INFO">Typing text 'admin' into text field 'id=loginusername'.</msg>
<arg>${username_field}</arg>
<arg>${username_data}</arg>
<doc>Types the given ``text`` into the text field identified by ``locator``.</doc>
<status status="PASS" start="2025-09-29T09:31:48.086825" elapsed="0.123309"/>
</kw>
<kw name="Input Password" owner="SeleniumLibrary">
<msg time="2025-09-29T09:31:48.211414" level="INFO">Typing password into text field 'id=loginpassword'.</msg>
<msg time="2025-09-29T09:31:48.268675" level="INFO">Temporally setting log level to: NONE</msg>
<arg>${password_field}</arg>
<arg>${password_data}</arg>
<doc>Types the given password into the text field identified by ``locator``.</doc>
<status status="PASS" start="2025-09-29T09:31:48.210812" elapsed="0.096816"/>
</kw>
<kw name="Click Button" owner="SeleniumLibrary">
<msg time="2025-09-29T09:31:48.308171" level="INFO">Clicking button 'xpath=//button[normalize-space()='Log in']'.</msg>
<arg>${login_submit}</arg>
<doc>Clicks the button identified by ``locator``.</doc>
<status status="PASS" start="2025-09-29T09:31:48.307880" elapsed="0.141506"/>
</kw>
<arg>admin</arg>
<arg>admi</arg>
<status status="PASS" start="2025-09-29T09:31:47.749129" elapsed="0.700474"/>
</kw>
<kw name="Handle Alert" owner="SeleniumLibrary">
<msg time="2025-09-29T09:31:48.450175" level="INFO">HANDLE::&lt;class 'NoneType'&gt;::None</msg>
<arg>action=ACCEPT</arg>
<doc>Handles the current alert and returns its message.</doc>
<status status="PASS" start="2025-09-29T09:31:48.449961" elapsed="1.015309"/>
</kw>
<kw name="Close Browser" owner="SeleniumLibrary">
<doc>Closes the current browser.</doc>
<status status="PASS" start="2025-09-29T09:31:49.465730" elapsed="2.277725"/>
</kw>
<status status="PASS" start="2025-09-29T09:31:45.301032" elapsed="6.444086"/>
</test>
<status status="PASS" start="2025-09-29T09:31:31.915646" elapsed="19.832094"/>
</suite>
<statistics>
<total>
<stat pass="2" fail="0" skip="0">All Tests</stat>
</total>
<tag>
</tag>
<suite>
<stat name="Robot" id="s1" pass="2" fail="0" skip="0">Robot</stat>
</suite>
</statistics>
<errors>
</errors>
</robot>
