<?xml version="1.0" encoding="UTF-8"?>
<robot generator="Robot 7.3.2 (Python 3.13.7 on win32)" generated="2025-09-27T00:03:14.218086" rpa="false" schemaversion="5">
<suite id="s1" name="Robot" source="C:\Users\ASUS\Desktop\python\code\robot\Tests\Robot.robot">
<test id="s1-t1" name="Robot" line="4">
<kw name="Open Browser" owner="SeleniumLibrary">
<msg time="2025-09-27T00:03:14.497209" level="INFO">Opening browser 'chrome' to base url 'http://google.com'.</msg>
<arg>http://google.com</arg>
<arg>chrome</arg>
<doc>Opens a new browser instance to the optional ``url``.</doc>
<status status="PASS" start="2025-09-27T00:03:14.496973" elapsed="3.850600"/>
</kw>
<kw name="Sleep" owner="BuiltIn">
<msg time="2025-09-27T00:03:21.349495" level="INFO">Slept 3 seconds.</msg>
<arg>3s</arg>
<doc>Pauses the test executed for the given time.</doc>
<status status="PASS" start="2025-09-27T00:03:18.348501" elapsed="3.001156"/>
</kw>
<kw name="Close Browser" owner="SeleniumLibrary">
<doc>Closes the current browser.</doc>
<status status="PASS" start="2025-09-27T00:03:21.350243" elapsed="2.214588"/>
</kw>
<status status="PASS" start="2025-09-27T00:03:14.496016" elapsed="9.069249"/>
</test>
<status status="PASS" start="2025-09-27T00:03:14.219148" elapsed="9.346995"/>
</suite>
<statistics>
<total>
<stat pass="1" fail="0" skip="0">All Tests</stat>
</total>
<tag>
</tag>
<suite>
<stat name="Robot" id="s1" pass="1" fail="0" skip="0">Robot</stat>
</suite>
</statistics>
<errors>
</errors>
</robot>
